<?xml version="1.0" encoding="utf-8"?><testsuites name="pytest tests"><testsuite name="pytest" errors="0" failures="0" skipped="0" tests="10" time="5.072" timestamp="2026-08-01T01:52:17.182298+00:00" hostname="agent-env-f828ff07-51bc-436a-ba63-7d9ff144a21d"><testcase classname="tests.backend_iter18_test.SemverTests" name="test_bare_semver" time="0.001" /><testcase classname="tests.backend_iter18_test.InstallerDetectionTests" name="test_dev_checkout_is_not_installer_build" time="0.001" /><testcase classname="tests.backend_iter18_test.SemverTests" name="test_ordering" time="0.000" /><testcase classname="tests.backend_iter18_test.SemverTests" name="test_prefix_v_is_stripped" time="0.000" /><testcase classname="tests.backend_iter18_test.InstallerDetectionTests" name="test_dev_version_is_ignored" time="0.001" /><testcase classname="tests.backend_iter18_test.SemverTests" name="test_prerelease_is_ignored" time="0.000" /><testcase classname="tests.backend_iter18_test.InstallerDetectionTests" name="test_installer_build_requires_no_git_and_a_real_version" time="0.001" /><testcase classname="tests.backend_iter18_test.GithubAssetPickerTests" name="test_darwin_picks_pkg" time="0.001" /><testcase classname="tests.backend_iter18_test.VersionEndpointTests" name="test_current_version_has_new_fields" time="0.012" /><testcase classname="tests.backend_iter18_test.GithubAssetPickerTests" name="test_windows_picks_exe" time="0.001" /></testsuite></testsuites>