<?xml version="1.0" encoding="utf-8"?><testsuites name="pytest tests"><testsuite name="pytest" errors="0" failures="1" skipped="0" tests="31" time="42.675" timestamp="2026-07-16T14:08:52.198409+00:00" hostname="agent-env-f828ff07-51bc-436a-ba63-7d9ff144a21d"><testcase classname="tests.backend_iter3_test.TestAuth" name="test_admin_seeded_login" time="0.678" /><testcase classname="tests.backend_iter3_test.TestAuth" name="test_me_requires_cookie" time="0.140" /><testcase classname="tests.backend_iter3_test.TestAuth" name="test_register_returns_user_and_sets_cookies" time="0.448" /><testcase classname="tests.backend_iter3_test.TestAuth" name="test_login_wrong_password_401" time="0.753" /><testcase classname="tests.backend_iter3_test.TestAuth" name="test_logout_clears_cookies" time="0.736" /><testcase classname="tests.backend_iter3_test.TestAuth" name="test_brute_force_lockout_returns_429" time="2.160"><failure message="AssertionError: expected 429 after 5 failures, got 401&#10;assert 401 == 429&#10; +  where 401 = &lt;Response [401]&gt;.status_code">backend/tests/backend_iter3_test.py:170: in test_brute_force_lockout_returns_429
    assert r6.status_code == 429, f"expected 429 after 5 failures, got {r6.status_code}"
E   AssertionError: expected 429 after 5 failures, got 401
E   assert 401 == 429
E    +  where 401 = &lt;Response [401]&gt;.status_code</failure></testcase><testcase classname="tests.backend_iter3_test.TestAuthGuards" name="test_generate_requires_auth" time="0.176" /><testcase classname="tests.backend_iter3_test.TestAuthGuards" name="test_history_requires_auth" time="0.142" /><testcase classname="tests.backend_iter3_test.TestAuthGuards" name="test_visits_generate_requires_auth" time="0.169" /><testcase classname="tests.backend_iter3_test.TestAuthGuards" name="test_appeals_list_requires_auth" time="0.117" /><testcase classname="tests.backend_iter3_test.TestAuthGuards" name="test_appeals_create_requires_auth" time="0.120" /><testcase classname="tests.backend_iter3_test.TestAuthGuards" name="test_export_appeal_requires_auth" time="0.122" /><testcase classname="tests.backend_iter3_test.TestIsolation" name="test_user_b_cannot_see_user_a_history" time="7.992" /><testcase classname="tests.backend_iter3_test.TestIsolation" name="test_user_b_get_a_record_returns_404" time="0.062" /><testcase classname="tests.backend_iter3_test.TestIsolation" name="test_user_b_patch_a_record_returns_404" time="0.060" /><testcase classname="tests.backend_iter3_test.TestIsolation" name="test_user_b_delete_a_record_returns_404" time="0.064" /><testcase classname="tests.backend_iter3_test.TestIsolation" name="test_user_a_can_see_own_narrative" time="0.082" /><testcase classname="tests.backend_iter3_test.TestPublic" name="test_root_public" time="0.127" /><testcase classname="tests.backend_iter3_test.TestPublic" name="test_procedures_public" time="0.134" /><testcase classname="tests.backend_iter3_test.TestPublic" name="test_carriers_public" time="0.176" /><testcase classname="tests.backend_iter3_test.TestConcurrencyCap" name="test_five_procedures_visit_completes" time="15.983" /><testcase classname="tests.backend_iter3_test.TestAppeals" name="test_appeal_shape" time="17.314" /><testcase classname="tests.backend_iter3_test.TestAppeals" name="test_appeal_persisted_to_list" time="0.046" /><testcase classname="tests.backend_iter3_test.TestAppeals" name="test_appeal_get_by_id" time="0.048" /><testcase classname="tests.backend_iter3_test.TestAppeals" name="test_appeal_missing_denial_reason_400" time="0.051" /><testcase classname="tests.backend_iter3_test.TestAppeals" name="test_appeal_wrong_owner_narrative_returns_404" time="0.576" /><testcase classname="tests.backend_iter3_test.TestAppeals" name="test_user_b_cannot_see_user_a_appeal" time="0.136" /><testcase classname="tests.backend_iter3_test.TestAppeals" name="test_appeal_patch_and_persist" time="0.091" /><testcase classname="tests.backend_iter3_test.TestAppeals" name="test_export_appeal_pdf" time="0.056" /><testcase classname="tests.backend_iter3_test.TestAppeals" name="test_export_appeal_txt" time="0.046" /><testcase classname="tests.backend_iter3_test" name="test_cleanup_test_data" time="11.725" /></testsuite></testsuites>