<?xml version="1.0" encoding="utf-8"?><testsuites name="pytest tests"><testsuite name="pytest" errors="0" failures="0" skipped="0" tests="9" time="19.550" timestamp="2026-07-16T14:51:24.684490+00:00" hostname="agent-env-f828ff07-51bc-436a-ba63-7d9ff144a21d"><testcase classname="tests.backend_iter6_test.TestGenerateNarrativeAfterLogin" name="test_login_then_generate_d2740" time="7.343" /><testcase classname="tests.backend_iter6_test.TestCookieSecureFlag" name="test_https_login_sets_secure_true" time="0.631" /><testcase classname="tests.backend_iter6_test.TestCookieSecureFlag" name="test_http_localhost_login_sets_secure_false" time="0.235" /><testcase classname="tests.backend_iter6_test.TestCookieSecureFlag" name="test_x_forwarded_proto_https_forces_secure" time="0.330" /><testcase classname="tests.backend_iter6_test.TestCookieSecureFlag" name="test_refresh_endpoint_rotates_with_secure_true" time="1.446" /><testcase classname="tests.backend_iter6_test.TestCookieSecureFlag" name="test_refresh_missing_cookie_returns_401" time="0.153" /><testcase classname="tests.backend_iter6_test.TestAppealSmoke" name="test_create_appeal_after_login" time="16.267" /><testcase classname="tests.backend_iter6_test.TestGenerateNarrativeAfterLogin" name="test_generate_401_without_cookies_triggers_refresh_path" time="0.156" /><testcase classname="tests.backend_iter6_test.TestRegisterFlowSmoke" name="test_register_new_user_and_generate" time="5.899" /></testsuite></testsuites>