<?xml version="1.0" encoding="utf-8"?><testsuites name="pytest tests"><testsuite name="pytest" errors="0" failures="0" skipped="0" tests="12" time="24.924" timestamp="2026-07-16T14:36:02.269648+00:00" hostname="agent-env-f828ff07-51bc-436a-ba63-7d9ff144a21d"><testcase classname="tests.backend_iter5_test" name="test_admin_login_smoke" time="0.479" /><testcase classname="tests.backend_iter5_test" name="test_access_token_ttl_30_minutes" time="0.385" /><testcase classname="tests.backend_iter5_test" name="test_refresh_token_ttl_7_days" time="0.422" /><testcase classname="tests.backend_iter5_test" name="test_cors_allowed_origin_reflected_local" time="0.002" /><testcase classname="tests.backend_iter5_test" name="test_cors_disallowed_origin_rejected_local" time="0.002" /><testcase classname="tests.backend_iter5_test" name="test_cors_localhost_origin_allowed" time="0.002" /><testcase classname="tests.backend_iter5_test" name="test_register_rate_limit_6th_returns_429" time="1.707" /><testcase classname="tests.backend_iter5_test" name="test_register_rate_limit_does_not_block_login" time="0.349" /><testcase classname="tests.backend_iter5_test" name="test_register_attempts_purge_logic" time="0.333" /><testcase classname="tests.backend_iter5_test" name="test_full_smoke_generate_appeal_export" time="18.321" /><testcase classname="tests.backend_iter5_test" name="test_auth_me_after_login" time="0.445" /><testcase classname="tests.backend_iter5_test" name="test_refresh_endpoint_rotates_access_token" time="1.414" /></testsuite></testsuites>