<?xml version="1.0" encoding="utf-8"?><testsuites name="pytest tests"><testsuite name="pytest" errors="0" failures="0" skipped="0" tests="13" time="25.190" timestamp="2026-07-17T14:03:56.801268+00:00" hostname="agent-env-f828ff07-51bc-436a-ba63-7d9ff144a21d"><testcase classname="tests.backend_iter16_test.TestPracticeSettings" name="test_get_returns_current_or_empty" time="0.908" /><testcase classname="tests.backend_iter16_test.TestPracticeSettings" name="test_put_persists_all_13_fields" time="0.139" /><testcase classname="tests.backend_iter16_test.TestPracticeSettings" name="test_isolation_between_users" time="0.831" /><testcase classname="tests.backend_iter16_test.TestPracticeSettings" name="test_unauthenticated_rejected" time="0.126" /><testcase classname="tests.backend_iter16_test.TestRegression" name="test_generate_works" time="6.810" /><testcase classname="tests.backend_iter16_test.TestExports" name="test_export_narrative_pdf" time="6.324" /><testcase classname="tests.backend_iter16_test.TestExports" name="test_export_narrative_txt" time="0.050" /><testcase classname="tests.backend_iter16_test.TestExports" name="test_export_visit_pdf" time="0.060" /><testcase classname="tests.backend_iter16_test.TestExports" name="test_export_visit_txt" time="0.046" /><testcase classname="tests.backend_iter16_test.TestRegression" name="test_list_appeals" time="0.066" /><testcase classname="tests.backend_iter16_test.TestAppealEmbedsPracticeName" name="test_appeal_letter_mentions_practice_name" time="15.667" /><testcase classname="tests.backend_iter16_test.TestExports" name="test_export_appeal_pdf" time="10.943" /><testcase classname="tests.backend_iter16_test.TestExports" name="test_export_appeal_txt" time="0.099" /></testsuite></testsuites>