<?xml version="1.0" encoding="utf-8"?><testsuites name="pytest tests"><testsuite name="pytest" errors="0" failures="1" skipped="0" tests="8" time="11.402" timestamp="2026-07-16T14:18:10.812635+00:00" hostname="agent-env-f828ff07-51bc-436a-ba63-7d9ff144a21d"><testcase classname="tests.backend_iter4_test.TestBruteForceLockoutBehindIngress" name="test_lockout_after_5_failures_via_public_url" time="2.760" /><testcase classname="tests.backend_iter4_test.TestRefreshEndpoint" name="test_refresh_returns_new_access_cookie" time="0.914"><failure message="AssertionError: assert ('eyJhbGciOiJIUzI1NiIsInR5cCI6IkpXVCJ9.eyJzdWIiOiI2YTU4ZTQyODk2NDY0MWRmYWJjZmY1YmIiLCJlbWFpbCI6ImFkbWluQGRlbnRhbC5jb20iLCJleHAiOjE3ODQyNTQ2OTIsInR5cGUiOiJhY2Nlc3MifQ._zd_rSNXTd4Dke4Cz3uJ2ugH4rDNx6bbTtAsKpvv3l8' and 'eyJhbGciOiJIUzI1NiIsInR5cCI6IkpXVCJ9.eyJzdWIiOiI2YTU4ZTQyODk2NDY0MWRmYWJjZmY1YmIiLCJlbWFpbCI6ImFkbWluQGRlbnRhbC5jb20iLCJleHAiOjE3ODQyNTQ2OTIsInR5cGUiOiJhY2Nlc3MifQ._zd_rSNXTd4Dke4Cz3uJ2ugH4rDNx6bbTtAsKpvv3l8' != 'eyJhbGciOiJIUzI1NiIsInR5cCI6IkpXVCJ9.eyJzdWIiOiI2YTU4ZTQyODk2NDY0MWRmYWJjZmY1YmIiLCJlbWFpbCI6ImFkbWluQGRlbnRhbC5jb20iLCJleHAiOjE3ODQyNTQ2OTIsInR5cGUiOiJhY2Nlc3MifQ._zd_rSNXTd4Dke4Cz3uJ2ugH4rDNx6bbTtAsKpvv3l8')">backend/tests/backend_iter4_test.py:53: in test_refresh_returns_new_access_cookie
    assert new_access and new_access != old_access
E   AssertionError: assert ('eyJhbGciOiJIUzI1NiIsInR5cCI6IkpXVCJ9.eyJzdWIiOiI2YTU4ZTQyODk2NDY0MWRmYWJjZmY1YmIiLCJlbWFpbCI6ImFkbWluQGRlbnRhbC5jb20iLCJleHAiOjE3ODQyNTQ2OTIsInR5cGUiOiJhY2Nlc3MifQ._zd_rSNXTd4Dke4Cz3uJ2ugH4rDNx6bbTtAsKpvv3l8' and 'eyJhbGciOiJIUzI1NiIsInR5cCI6IkpXVCJ9.eyJzdWIiOiI2YTU4ZTQyODk2NDY0MWRmYWJjZmY1YmIiLCJlbWFpbCI6ImFkbWluQGRlbnRhbC5jb20iLCJleHAiOjE3ODQyNTQ2OTIsInR5cGUiOiJhY2Nlc3MifQ._zd_rSNXTd4Dke4Cz3uJ2ugH4rDNx6bbTtAsKpvv3l8' != 'eyJhbGciOiJIUzI1NiIsInR5cCI6IkpXVCJ9.eyJzdWIiOiI2YTU4ZTQyODk2NDY0MWRmYWJjZmY1YmIiLCJlbWFpbCI6ImFkbWluQGRlbnRhbC5jb20iLCJleHAiOjE3ODQyNTQ2OTIsInR5cGUiOiJhY2Nlc3MifQ._zd_rSNXTd4Dke4Cz3uJ2ugH4rDNx6bbTtAsKpvv3l8')</failure></testcase><testcase classname="tests.backend_iter4_test.TestRefreshEndpoint" name="test_refresh_without_cookie_returns_401" time="0.282" /><testcase classname="tests.backend_iter4_test.TestRefreshEndpoint" name="test_missing_both_tokens_authenticated_route_401" time="0.342" /><testcase classname="tests.backend_iter4_test.TestRefreshEndpoint" name="test_expired_access_but_valid_refresh_flow" time="0.939" /><testcase classname="tests.backend_iter4_test.TestBruteForceLockoutBehindIngress" name="test_correct_password_still_locked_out" time="2.222" /><testcase classname="tests.backend_iter4_test.TestAdminSmoke" name="test_admin_login_and_generate" time="5.724" /><testcase classname="tests.backend_iter4_test.TestAdminSmoke" name="test_public_endpoints_still_work" time="0.230" /></testsuite></testsuites>