<?xml version="1.0" encoding="utf-8"?><testsuites name="pytest tests"><testsuite name="pytest" errors="0" failures="0" skipped="0" tests="6" time="13.196" timestamp="2026-07-16T15:29:08.202351+00:00" hostname="agent-env-f828ff07-51bc-436a-ba63-7d9ff144a21d"><testcase classname="tests.backend_iter8_test.TestRefreshPreservesRemember" name="test_refresh_with_remember_true_keeps_30d" time="0.708" /><testcase classname="tests.backend_iter8_test.TestRememberFlag" name="test_login_without_remember_sets_7d_refresh" time="0.640" /><testcase classname="tests.backend_iter8_test.TestRememberFlag" name="test_login_with_remember_sets_30d_refresh" time="0.348" /><testcase classname="tests.backend_iter8_test.TestRefreshPreservesRemember" name="test_refresh_with_remember_false_keeps_7d" time="0.775" /><testcase classname="tests.backend_iter8_test.TestRegression" name="test_admin_login_and_generate[False]" time="5.767" /><testcase classname="tests.backend_iter8_test.TestRegression" name="test_admin_login_and_generate[True]" time="5.955" /></testsuite></testsuites>