<?xml version="1.0" encoding="utf-8"?><testsuites name="pytest tests"><testsuite name="pytest" errors="0" failures="0" skipped="0" tests="9" time="8.715" timestamp="2026-07-17T00:03:52.000020+00:00" hostname="agent-env-f828ff07-51bc-436a-ba63-7d9ff144a21d"><testcase classname="tests.backend_iter10_test.TestLoginReturnsAccessToken" name="test_login_returns_access_token_in_body" time="0.696" /><testcase classname="tests.backend_iter10_test.TestBearerOnlyAuth" name="test_me_with_bearer_only" time="0.653" /><testcase classname="tests.backend_iter10_test.TestBearerOnlyAuth" name="test_generate_with_bearer_only" time="7.031" /><testcase classname="tests.backend_iter10_test.TestLoginReturnsAccessToken" name="test_login_with_remember_returns_access_token_and_30d_refresh" time="0.567" /><testcase classname="tests.backend_iter10_test.TestRegisterReturnsAccessToken" name="test_register_returns_access_token_in_body" time="0.325" /><testcase classname="tests.backend_iter10_test.TestCookieOnlyRegression" name="test_generate_with_cookies_only" time="5.438" /><testcase classname="tests.backend_iter10_test.TestRefreshWorksWithoutAccessCookie" name="test_refresh_when_only_refresh_cookie_present" time="0.466" /><testcase classname="tests.backend_iter10_test.TestBearerOnlyAuth" name="test_generate_without_any_credentials_401" time="0.095" /><testcase classname="tests.backend_iter10_test.TestRefreshReturnsAccessToken" name="test_refresh_returns_access_token_in_body" time="0.400" /></testsuite></testsuites>