<?xml version="1.0" encoding="utf-8"?><testsuites name="pytest tests"><testsuite name="pytest" errors="0" failures="0" skipped="0" tests="16" time="22.229" timestamp="2026-07-16T13:48:24.083644+00:00" hostname="agent-env-f828ff07-51bc-436a-ba63-7d9ff144a21d"><testcase classname="tests.backend_test.TestRegenerate" name="test_regenerate_short_only" time="9.939" /><testcase classname="tests.backend_test.TestRegenerate" name="test_regenerate_long_only" time="5.037" /><testcase classname="tests.backend_test.TestExports" name="test_export_pdf_single" time="11.336" /><testcase classname="tests.backend_test.TestExports" name="test_export_txt_single" time="0.052" /><testcase classname="tests.backend_test.TestRegenerate" name="test_regenerate_invalid_field" time="0.056" /><testcase classname="tests.backend_test.TestExports" name="test_export_visit_pdf" time="7.446" /><testcase classname="tests.backend_test.TestExports" name="test_export_visit_txt" time="0.092" /><testcase classname="tests.backend_test.TestGenerateWithCarrier" name="test_delta_record_shape" time="0.000" /><testcase classname="tests.backend_test.TestGenerateWithCarrier" name="test_delta_persisted" time="0.072" /><testcase classname="tests.backend_test.TestPatchHistory" name="test_patch_updates_short_and_long" time="0.113" /><testcase classname="tests.backend_test.TestPatchHistory" name="test_patch_unknown_id_returns_404" time="0.051" /><testcase classname="tests.backend_test.TestCarriers" name="test_carriers_returns_six" time="0.055" /><testcase classname="tests.backend_test" name="test_cleanup_test_data" time="0.206" /><testcase classname="tests.backend_test.TestVisitGenerate" name="test_visit_has_three_records" time="6.606" /><testcase classname="tests.backend_test.TestVisitGenerate" name="test_visits_listed" time="0.057" /><testcase classname="tests.backend_test.TestVisitGenerate" name="test_visit_records_persisted_in_narratives" time="0.059" /></testsuite></testsuites>