<?xml version="1.0" encoding="utf-8"?><testsuites name="pytest tests"><testsuite name="pytest" errors="0" failures="0" skipped="0" tests="10" time="17.152" timestamp="2026-08-01T01:53:18.652765+00:00" hostname="agent-env-f828ff07-51bc-436a-ba63-7d9ff144a21d"><testcase classname="tests.backend_iter18_live_test.TestSystemVersion" name="test_version_authenticated" time="0.656" /><testcase classname="tests.backend_iter18_live_test.TestRegression" name="test_auth_me" time="0.655" /><testcase classname="tests.backend_iter18_live_test.TestRegression" name="test_history_list" time="0.061" /><testcase classname="tests.backend_iter18_live_test.TestSystemVersion" name="test_check_updates_dev_no_origin" time="0.064" /><testcase classname="tests.backend_iter18_live_test.TestRegression" name="test_appeal_patterns_endpoint" time="0.049" /><testcase classname="tests.backend_iter18_live_test.TestSystemVersion" name="test_update_requires_windows" time="0.103" /><testcase classname="tests.backend_iter18_live_test.TestRegression" name="test_generate_narrative" time="2.013" /><testcase classname="tests.backend_iter18_live_test.TestSystemVersion" name="test_check_updates_requires_auth" time="0.146" /><testcase classname="tests.backend_iter18_live_test.TestSystemVersion" name="test_update_requires_auth" time="0.134" /><testcase classname="tests.backend_iter18_live_test.TestRegression" name="test_appeal_generate" time="13.825" /></testsuite></testsuites>