<?xml version="1.0" encoding="utf-8"?><testsuites name="pytest tests"><testsuite name="pytest" errors="0" failures="0" skipped="0" tests="9" time="27.042" timestamp="2026-07-16T15:12:34.256627+00:00" hostname="agent-env-f828ff07-51bc-436a-ba63-7d9ff144a21d"><testcase classname="tests.backend_iter7_test.TestCookieAndRefresh" name="test_login_sets_secure_true_on_https" time="0.740" /><testcase classname="tests.backend_iter7_test.TestBulkVisit" name="test_generate_visit_two_procedures" time="8.963" /><testcase classname="tests.backend_iter7_test.TestCookieAndRefresh" name="test_refresh_rotates_and_returns_user_out" time="1.493" /><testcase classname="tests.backend_iter7_test.TestCookieAndRefresh" name="test_refresh_missing_returns_401" time="0.266" /><testcase classname="tests.backend_iter7_test.TestRefreshUserNotFound" name="test_deleted_user_refresh_returns_401" time="0.549" /><testcase classname="tests.backend_iter7_test.TestAppealFlow" name="test_appeal_from_saved_narrative" time="17.370" /><testcase classname="tests.backend_iter7_test.TestBulkVisit" name="test_visit_procedure_extra_ignore_tolerates_unknown_fields" time="5.733" /><testcase classname="tests.backend_iter7_test.TestGenerateAfterLogin" name="test_login_then_generate_d2740" time="6.086" /><testcase classname="tests.backend_iter7_test.TestAutoRefreshMechanics" name="test_delete_access_then_refresh_then_generate" time="5.938" /></testsuite></testsuites>