<?xml version="1.0" encoding="utf-8"?><testsuites name="pytest tests"><testsuite name="pytest" errors="0" failures="0" skipped="0" tests="13" time="42.292" timestamp="2026-07-20T10:34:35.455237+00:00" hostname="agent-env-f828ff07-51bc-436a-ba63-7d9ff144a21d"><testcase classname="tests.backend_iter17_test.TestAppealOutcome" name="test_patch_outcome_won_sets_timestamp" time="14.520" /><testcase classname="tests.backend_iter17_test.TestAppealOutcome" name="test_patch_outcome_invalid_returns_400" time="0.041" /><testcase classname="tests.backend_iter17_test.TestAppealOutcome" name="test_patch_outcome_lost_and_back_to_pending" time="0.089" /><testcase classname="tests.backend_iter17_test.TestGenerateStream" name="test_generate_stream_returns_chunks_and_done" time="2.466" /><testcase classname="tests.backend_iter17_test.TestAppealPatternsAndFewShot" name="test_patterns_reports_won_appeal" time="14.778" /><testcase classname="tests.backend_iter17_test.TestAppealPatternsAndFewShot" name="test_patterns_ignores_other_users" time="0.447" /><testcase classname="tests.backend_iter17_test.TestAppealPatternsAndFewShot" name="test_new_appeal_uses_prior_wins_and_generates_letter" time="12.475" /><testcase classname="tests.backend_iter17_test.TestGenerateStream" name="test_generate_stream_bad_procedure_code_returns_400" time="0.099" /><testcase classname="tests.backend_iter17_test.TestRegenerateStream" name="test_regenerate_short_stream" time="1.924" /><testcase classname="tests.backend_iter17_test.TestRegenerateStream" name="test_regenerate_bad_field_returns_400" time="0.103" /><testcase classname="tests.backend_iter17_test.TestBackwardsCompat" name="test_generate_non_streaming" time="3.865" /><testcase classname="tests.backend_iter17_test.TestAppealStream" name="test_appeal_stream_returns_appeal_pending" time="13.702" /><testcase classname="tests.backend_iter17_test.TestAppealStream" name="test_appeal_stream_missing_narrative_returns_404" time="0.212" /></testsuite></testsuites>